[2022-06-06 21:03:49.237 +07:00  INF]  User profile is available. Using 'C:\Users\quach\AppData\Local\ASP.NET\DataProtection-Keys' as key repository and Windows DPAPI to encrypt keys at rest.
[2022-06-06 21:03:49.447 +07:00  INF]  Now listening on: https://localhost:7066
[2022-06-06 21:03:49.447 +07:00  INF]  Now listening on: http://localhost:5066
[2022-06-06 21:03:49.450 +07:00  INF]  Application started. Press Ctrl+C to shut down.
[2022-06-06 21:03:49.450 +07:00  INF]  Hosting environment: Development
[2022-06-06 21:03:49.450 +07:00  INF]  Content root path: D:\DotNet_Study\projects\SECapstoneEvaluation\API\
[2022-06-06 21:03:50.092 +07:00  INF]  Request starting HTTP/2 GET https://localhost:7066/swagger/index.html - -
[2022-06-06 21:03:50.363 +07:00  INF]  Request starting HTTP/2 GET https://localhost:7066/_framework/aspnetcore-browser-refresh.js - -
[2022-06-06 21:03:50.364 +07:00  INF]  Request finished HTTP/2 GET https://localhost:7066/swagger/index.html - - - 200 - text/html;charset=utf-8 274.8301ms
[2022-06-06 21:03:50.367 +07:00  INF]  Request finished HTTP/2 GET https://localhost:7066/_framework/aspnetcore-browser-refresh.js - - - 200 11964 application/javascript;+charset=utf-8 3.6605ms
[2022-06-06 21:03:50.922 +07:00  INF]  Request starting HTTP/2 GET https://localhost:7066/swagger/v1/swagger.json - -
[2022-06-06 21:03:50.989 +07:00  INF]  Request finished HTTP/2 GET https://localhost:7066/swagger/v1/swagger.json - - - 200 - application/json;charset=utf-8 67.0481ms
[2022-06-06 21:05:27.177 +07:00  INF]  Request starting HTTP/2 POST https://localhost:7066/api/users/login?campusId=2 application/json 1210
[2022-06-06 21:05:27.186 +07:00  INF]  CORS policy execution failed.
[2022-06-06 21:05:27.186 +07:00  INF]  Request origin https://localhost:7066 does not have permission to access the resource.
[2022-06-06 21:05:27.257 +07:00  INF]  Executing endpoint 'SECapstoneEvaluation.APIs.Controllers.UsersController.Login (API)'
[2022-06-06 21:05:27.288 +07:00  INF]  Route matched with {action = "Login", controller = "Users"}. Executing controller action with signature System.Threading.Tasks.Task`1[Microsoft.AspNetCore.Mvc.IActionResult] Login(System.String, Int32) on controller SECapstoneEvaluation.APIs.Controllers.UsersController (API).
[2022-06-06 21:05:28.299 +07:00  INF]  Entity Framework Core 6.0.5 initialized 'AppDbContext' using provider 'Npgsql.EntityFrameworkCore.PostgreSQL:6.0.4+6cb649128e3e7aa8eddd77dfa75b34bad51e6e94' with options: MaxPoolSize=1024 
[2022-06-06 21:05:33.528 +07:00  ERR]  An error occurred using the connection to database 'SECapstoneEvaluationDB' on server ''.
[2022-06-06 21:05:33.582 +07:00  ERR]  An exception occurred while iterating over the results of a query for context type 'SECapstoneEvaluation.Infrastructure.Data.AppDbContext'.
System.InvalidOperationException: An exception has been raised that is likely due to a transient failure.
 ---> Npgsql.NpgsqlException (0x80004005): Failed to connect to 127.0.0.1:5432
 ---> System.Net.Sockets.SocketException (10061): No connection could be made because the target machine actively refused it.
   at System.Net.Sockets.Socket.AwaitableSocketAsyncEventArgs.ThrowException(SocketError error, CancellationToken cancellationToken)
   at System.Net.Sockets.Socket.AwaitableSocketAsyncEventArgs.System.Threading.Tasks.Sources.IValueTaskSource.GetResult(Int16 token)
   at System.Net.Sockets.Socket.<ConnectAsync>g__WaitForConnectWithCancellation|277_0(AwaitableSocketAsyncEventArgs saea, ValueTask connectTask, CancellationToken cancellationToken)
   at Npgsql.TaskExtensions.ExecuteWithTimeout(Func`2 func, NpgsqlTimeout timeout, CancellationToken cancellationToken)
   at Npgsql.Internal.NpgsqlConnector.ConnectAsync(NpgsqlTimeout timeout, CancellationToken cancellationToken)
   at Npgsql.Internal.NpgsqlConnector.ConnectAsync(NpgsqlTimeout timeout, CancellationToken cancellationToken)
   at Npgsql.Internal.NpgsqlConnector.RawOpen(SslMode sslMode, NpgsqlTimeout timeout, Boolean async, CancellationToken cancellationToken, Boolean isFirstAttempt)
   at Npgsql.Internal.NpgsqlConnector.<Open>g__OpenCore|191_1(NpgsqlConnector conn, SslMode sslMode, NpgsqlTimeout timeout, Boolean async, CancellationToken cancellationToken, Boolean isFirstAttempt)
   at Npgsql.Internal.NpgsqlConnector.Open(NpgsqlTimeout timeout, Boolean async, CancellationToken cancellationToken)
   at Npgsql.ConnectorPool.OpenNewConnector(NpgsqlConnection conn, NpgsqlTimeout timeout, Boolean async, CancellationToken cancellationToken)
   at Npgsql.ConnectorPool.<Get>g__RentAsync|28_0(NpgsqlConnection conn, NpgsqlTimeout timeout, Boolean async, CancellationToken cancellationToken)
   at Npgsql.NpgsqlConnection.<Open>g__OpenAsync|45_0(Boolean async, CancellationToken cancellationToken)
   at Microsoft.EntityFrameworkCore.Storage.RelationalConnection.OpenInternalAsync(Boolean errorsExpected, CancellationToken cancellationToken)
   at Microsoft.EntityFrameworkCore.Storage.RelationalConnection.OpenInternalAsync(Boolean errorsExpected, CancellationToken cancellationToken)
   at Microsoft.EntityFrameworkCore.Storage.RelationalConnection.OpenAsync(CancellationToken cancellationToken, Boolean errorsExpected)
   at Microsoft.EntityFrameworkCore.Storage.RelationalCommand.ExecuteReaderAsync(RelationalCommandParameterObject parameterObject, CancellationToken cancellationToken)
   at Microsoft.EntityFrameworkCore.Query.Internal.SingleQueryingEnumerable`1.AsyncEnumerator.InitializeReaderAsync(AsyncEnumerator enumerator, CancellationToken cancellationToken)
   at Npgsql.EntityFrameworkCore.PostgreSQL.Storage.Internal.NpgsqlExecutionStrategy.ExecuteAsync[TState,TResult](TState state, Func`4 operation, Func`4 verifySucceeded, CancellationToken cancellationToken)
   --- End of inner exception stack trace ---
   at Npgsql.EntityFrameworkCore.PostgreSQL.Storage.Internal.NpgsqlExecutionStrategy.ExecuteAsync[TState,TResult](TState state, Func`4 operation, Func`4 verifySucceeded, CancellationToken cancellationToken)
   at Microsoft.EntityFrameworkCore.Query.Internal.SingleQueryingEnumerable`1.AsyncEnumerator.MoveNextAsync()
System.InvalidOperationException: An exception has been raised that is likely due to a transient failure.
 ---> Npgsql.NpgsqlException (0x80004005): Failed to connect to 127.0.0.1:5432
 ---> System.Net.Sockets.SocketException (10061): No connection could be made because the target machine actively refused it.
   at System.Net.Sockets.Socket.AwaitableSocketAsyncEventArgs.ThrowException(SocketError error, CancellationToken cancellationToken)
   at System.Net.Sockets.Socket.AwaitableSocketAsyncEventArgs.System.Threading.Tasks.Sources.IValueTaskSource.GetResult(Int16 token)
   at System.Net.Sockets.Socket.<ConnectAsync>g__WaitForConnectWithCancellation|277_0(AwaitableSocketAsyncEventArgs saea, ValueTask connectTask, CancellationToken cancellationToken)
   at Npgsql.TaskExtensions.ExecuteWithTimeout(Func`2 func, NpgsqlTimeout timeout, CancellationToken cancellationToken)
   at Npgsql.Internal.NpgsqlConnector.ConnectAsync(NpgsqlTimeout timeout, CancellationToken cancellationToken)
   at Npgsql.Internal.NpgsqlConnector.ConnectAsync(NpgsqlTimeout timeout, CancellationToken cancellationToken)
   at Npgsql.Internal.NpgsqlConnector.RawOpen(SslMode sslMode, NpgsqlTimeout timeout, Boolean async, CancellationToken cancellationToken, Boolean isFirstAttempt)
   at Npgsql.Internal.NpgsqlConnector.<Open>g__OpenCore|191_1(NpgsqlConnector conn, SslMode sslMode, NpgsqlTimeout timeout, Boolean async, CancellationToken cancellationToken, Boolean isFirstAttempt)
   at Npgsql.Internal.NpgsqlConnector.Open(NpgsqlTimeout timeout, Boolean async, CancellationToken cancellationToken)
   at Npgsql.ConnectorPool.OpenNewConnector(NpgsqlConnection conn, NpgsqlTimeout timeout, Boolean async, CancellationToken cancellationToken)
   at Npgsql.ConnectorPool.<Get>g__RentAsync|28_0(NpgsqlConnection conn, NpgsqlTimeout timeout, Boolean async, CancellationToken cancellationToken)
   at Npgsql.NpgsqlConnection.<Open>g__OpenAsync|45_0(Boolean async, CancellationToken cancellationToken)
   at Microsoft.EntityFrameworkCore.Storage.RelationalConnection.OpenInternalAsync(Boolean errorsExpected, CancellationToken cancellationToken)
   at Microsoft.EntityFrameworkCore.Storage.RelationalConnection.OpenInternalAsync(Boolean errorsExpected, CancellationToken cancellationToken)
   at Microsoft.EntityFrameworkCore.Storage.RelationalConnection.OpenAsync(CancellationToken cancellationToken, Boolean errorsExpected)
   at Microsoft.EntityFrameworkCore.Storage.RelationalCommand.ExecuteReaderAsync(RelationalCommandParameterObject parameterObject, CancellationToken cancellationToken)
   at Microsoft.EntityFrameworkCore.Query.Internal.SingleQueryingEnumerable`1.AsyncEnumerator.InitializeReaderAsync(AsyncEnumerator enumerator, CancellationToken cancellationToken)
   at Npgsql.EntityFrameworkCore.PostgreSQL.Storage.Internal.NpgsqlExecutionStrategy.ExecuteAsync[TState,TResult](TState state, Func`4 operation, Func`4 verifySucceeded, CancellationToken cancellationToken)
   --- End of inner exception stack trace ---
   at Npgsql.EntityFrameworkCore.PostgreSQL.Storage.Internal.NpgsqlExecutionStrategy.ExecuteAsync[TState,TResult](TState state, Func`4 operation, Func`4 verifySucceeded, CancellationToken cancellationToken)
   at Microsoft.EntityFrameworkCore.Query.Internal.SingleQueryingEnumerable`1.AsyncEnumerator.MoveNextAsync()
[2022-06-06 21:05:33.767 +07:00  INF]  Executed action SECapstoneEvaluation.APIs.Controllers.UsersController.Login (API) in 6473.1966ms
[2022-06-06 21:05:33.769 +07:00  INF]  Executed endpoint 'SECapstoneEvaluation.APIs.Controllers.UsersController.Login (API)'
[2022-06-06 21:05:33.771 +07:00  ERR]  An unhandled exception has occurred while executing the request.
System.InvalidOperationException: An exception has been raised that is likely due to a transient failure.
 ---> Npgsql.NpgsqlException (0x80004005): Failed to connect to 127.0.0.1:5432
 ---> System.Net.Sockets.SocketException (10061): No connection could be made because the target machine actively refused it.
   at System.Net.Sockets.Socket.AwaitableSocketAsyncEventArgs.ThrowException(SocketError error, CancellationToken cancellationToken)
   at System.Net.Sockets.Socket.AwaitableSocketAsyncEventArgs.System.Threading.Tasks.Sources.IValueTaskSource.GetResult(Int16 token)
   at System.Net.Sockets.Socket.<ConnectAsync>g__WaitForConnectWithCancellation|277_0(AwaitableSocketAsyncEventArgs saea, ValueTask connectTask, CancellationToken cancellationToken)
   at Npgsql.TaskExtensions.ExecuteWithTimeout(Func`2 func, NpgsqlTimeout timeout, CancellationToken cancellationToken)
   at Npgsql.Internal.NpgsqlConnector.ConnectAsync(NpgsqlTimeout timeout, CancellationToken cancellationToken)
   at Npgsql.Internal.NpgsqlConnector.ConnectAsync(NpgsqlTimeout timeout, CancellationToken cancellationToken)
   at Npgsql.Internal.NpgsqlConnector.RawOpen(SslMode sslMode, NpgsqlTimeout timeout, Boolean async, CancellationToken cancellationToken, Boolean isFirstAttempt)
   at Npgsql.Internal.NpgsqlConnector.<Open>g__OpenCore|191_1(NpgsqlConnector conn, SslMode sslMode, NpgsqlTimeout timeout, Boolean async, CancellationToken cancellationToken, Boolean isFirstAttempt)
   at Npgsql.Internal.NpgsqlConnector.Open(NpgsqlTimeout timeout, Boolean async, CancellationToken cancellationToken)
   at Npgsql.ConnectorPool.OpenNewConnector(NpgsqlConnection conn, NpgsqlTimeout timeout, Boolean async, CancellationToken cancellationToken)
   at Npgsql.ConnectorPool.<Get>g__RentAsync|28_0(NpgsqlConnection conn, NpgsqlTimeout timeout, Boolean async, CancellationToken cancellationToken)
   at Npgsql.NpgsqlConnection.<Open>g__OpenAsync|45_0(Boolean async, CancellationToken cancellationToken)
   at Microsoft.EntityFrameworkCore.Storage.RelationalConnection.OpenInternalAsync(Boolean errorsExpected, CancellationToken cancellationToken)
   at Microsoft.EntityFrameworkCore.Storage.RelationalConnection.OpenInternalAsync(Boolean errorsExpected, CancellationToken cancellationToken)
   at Microsoft.EntityFrameworkCore.Storage.RelationalConnection.OpenAsync(CancellationToken cancellationToken, Boolean errorsExpected)
   at Microsoft.EntityFrameworkCore.Storage.RelationalCommand.ExecuteReaderAsync(RelationalCommandParameterObject parameterObject, CancellationToken cancellationToken)
   at Microsoft.EntityFrameworkCore.Query.Internal.SingleQueryingEnumerable`1.AsyncEnumerator.InitializeReaderAsync(AsyncEnumerator enumerator, CancellationToken cancellationToken)
   at Npgsql.EntityFrameworkCore.PostgreSQL.Storage.Internal.NpgsqlExecutionStrategy.ExecuteAsync[TState,TResult](TState state, Func`4 operation, Func`4 verifySucceeded, CancellationToken cancellationToken)
   --- End of inner exception stack trace ---
   at Npgsql.EntityFrameworkCore.PostgreSQL.Storage.Internal.NpgsqlExecutionStrategy.ExecuteAsync[TState,TResult](TState state, Func`4 operation, Func`4 verifySucceeded, CancellationToken cancellationToken)
   at Microsoft.EntityFrameworkCore.Query.Internal.SingleQueryingEnumerable`1.AsyncEnumerator.MoveNextAsync()
   at Microsoft.EntityFrameworkCore.Query.ShapedQueryCompilingExpressionVisitor.SingleOrDefaultAsync[TSource](IAsyncEnumerable`1 asyncEnumerable, CancellationToken cancellationToken)
   at Microsoft.EntityFrameworkCore.Query.ShapedQueryCompilingExpressionVisitor.SingleOrDefaultAsync[TSource](IAsyncEnumerable`1 asyncEnumerable, CancellationToken cancellationToken)
   at SECapstoneEvaluation.APIs.Services.UserService.GetUserByEmail(String email) in D:\DotNet_Study\projects\SECapstoneEvaluation\API\Services\UserService.cs:line 29
   at SECapstoneEvaluation.APIs.Controllers.UsersController.Login(String idToken, Int32 campusId) in D:\DotNet_Study\projects\SECapstoneEvaluation\API\Controllers\UsersController.cs:line 38
   at Microsoft.AspNetCore.Mvc.Infrastructure.ActionMethodExecutor.TaskOfIActionResultExecutor.Execute(IActionResultTypeMapper mapper, ObjectMethodExecutor executor, Object controller, Object[] arguments)
   at Microsoft.AspNetCore.Mvc.Infrastructure.ControllerActionInvoker.<InvokeActionMethodAsync>g__Awaited|12_0(ControllerActionInvoker invoker, ValueTask`1 actionResultValueTask)
   at Microsoft.AspNetCore.Mvc.Infrastructure.ControllerActionInvoker.<InvokeNextActionFilterAsync>g__Awaited|10_0(ControllerActionInvoker invoker, Task lastTask, State next, Scope scope, Object state, Boolean isCompleted)
   at Microsoft.AspNetCore.Mvc.Infrastructure.ControllerActionInvoker.Rethrow(ActionExecutedContextSealed context)
   at Microsoft.AspNetCore.Mvc.Infrastructure.ControllerActionInvoker.Next(State& next, Scope& scope, Object& state, Boolean& isCompleted)
   at Microsoft.AspNetCore.Mvc.Infrastructure.ControllerActionInvoker.<InvokeInnerFilterAsync>g__Awaited|13_0(ControllerActionInvoker invoker, Task lastTask, State next, Scope scope, Object state, Boolean isCompleted)
   at Microsoft.AspNetCore.Mvc.Infrastructure.ResourceInvoker.<InvokeFilterPipelineAsync>g__Awaited|20_0(ResourceInvoker invoker, Task lastTask, State next, Scope scope, Object state, Boolean isCompleted)
   at Microsoft.AspNetCore.Mvc.Infrastructure.ResourceInvoker.<InvokeAsync>g__Logged|17_1(ResourceInvoker invoker)
   at Microsoft.AspNetCore.Mvc.Infrastructure.ResourceInvoker.<InvokeAsync>g__Logged|17_1(ResourceInvoker invoker)
   at Microsoft.AspNetCore.Routing.EndpointMiddleware.<Invoke>g__AwaitRequestTask|6_0(Endpoint endpoint, Task requestTask, ILogger logger)
   at Microsoft.AspNetCore.Authorization.AuthorizationMiddleware.Invoke(HttpContext context)
   at Microsoft.AspNetCore.Authentication.AuthenticationMiddleware.Invoke(HttpContext context)
   at Swashbuckle.AspNetCore.SwaggerUI.SwaggerUIMiddleware.Invoke(HttpContext httpContext)
   at Swashbuckle.AspNetCore.Swagger.SwaggerMiddleware.Invoke(HttpContext httpContext, ISwaggerProvider swaggerProvider)
   at Microsoft.AspNetCore.Diagnostics.DeveloperExceptionPageMiddleware.Invoke(HttpContext context)
[2022-06-06 21:05:33.800 +07:00  INF]  Request finished HTTP/2 POST https://localhost:7066/api/users/login?campusId=2 application/json 1210 - 500 - text/plain;+charset=utf-8 6623.5754ms
[2022-06-06 21:38:36.862 +07:00  INF]  User profile is available. Using 'C:\Users\quach\AppData\Local\ASP.NET\DataProtection-Keys' as key repository and Windows DPAPI to encrypt keys at rest.
[2022-06-06 21:38:37.111 +07:00  INF]  Now listening on: https://localhost:7066
[2022-06-06 21:38:37.111 +07:00  INF]  Now listening on: http://localhost:5066
[2022-06-06 21:38:37.114 +07:00  INF]  Application started. Press Ctrl+C to shut down.
[2022-06-06 21:38:37.115 +07:00  INF]  Hosting environment: Development
[2022-06-06 21:38:37.115 +07:00  INF]  Content root path: D:\DotNet_Study\projects\SECapstoneEvaluation\API\
[2022-06-06 21:38:37.836 +07:00  INF]  Request starting HTTP/2 GET https://localhost:7066/swagger/index.html - -
[2022-06-06 21:38:38.077 +07:00  INF]  Request finished HTTP/2 GET https://localhost:7066/swagger/index.html - - - 200 - text/html;charset=utf-8 244.7796ms
[2022-06-06 21:38:38.112 +07:00  INF]  Request starting HTTP/2 GET https://localhost:7066/_framework/aspnetcore-browser-refresh.js - -
[2022-06-06 21:38:38.118 +07:00  INF]  Request finished HTTP/2 GET https://localhost:7066/_framework/aspnetcore-browser-refresh.js - - - 200 11964 application/javascript;+charset=utf-8 6.2329ms
[2022-06-06 21:38:38.754 +07:00  INF]  Request starting HTTP/2 GET https://localhost:7066/swagger/v1/swagger.json - -
[2022-06-06 21:38:38.871 +07:00  INF]  Request finished HTTP/2 GET https://localhost:7066/swagger/v1/swagger.json - - - 200 - application/json;charset=utf-8 117.2343ms
[2022-06-06 21:39:39.589 +07:00  INF]  Request starting HTTP/2 GET https://localhost:7066/api/campuses/login - -
[2022-06-06 21:39:39.679 +07:00  INF]  Executing endpoint 'SECapstoneEvaluation.APIs.Controllers.CampusesController.Login (API)'
[2022-06-06 21:39:39.698 +07:00  INF]  Route matched with {action = "Login", controller = "Campuses"}. Executing controller action with signature System.Threading.Tasks.Task`1[Microsoft.AspNetCore.Mvc.IActionResult] Login() on controller SECapstoneEvaluation.APIs.Controllers.CampusesController (API).
[2022-06-06 21:39:40.680 +07:00  INF]  Entity Framework Core 6.0.5 initialized 'AppDbContext' using provider 'Npgsql.EntityFrameworkCore.PostgreSQL:6.0.4+6cb649128e3e7aa8eddd77dfa75b34bad51e6e94' with options: MaxPoolSize=1024 
[2022-06-06 21:39:41.156 +07:00  INF]  Executed DbCommand (56ms) [Parameters=[], CommandType='"Text"', CommandTimeout='30']
SELECT c.id AS "Id", c.code AS "Code", c.name AS "Name"
FROM campuses AS c
[2022-06-06 21:39:41.182 +07:00  INF]  Executing OkObjectResult, writing value of type 'System.Collections.Generic.List`1[[SECapstoneEvaluation.APIs.DTOs.LoginCampusViewModel, API, Version=1.0.0.0, Culture=neutral, PublicKeyToken=null]]'.
[2022-06-06 21:39:41.190 +07:00  INF]  Executed action SECapstoneEvaluation.APIs.Controllers.CampusesController.Login (API) in 1487.0525ms
[2022-06-06 21:39:41.191 +07:00  INF]  Executed endpoint 'SECapstoneEvaluation.APIs.Controllers.CampusesController.Login (API)'
[2022-06-06 21:39:41.198 +07:00  INF]  Request finished HTTP/2 GET https://localhost:7066/api/campuses/login - - - 200 - application/json;+charset=utf-8 1608.8058ms
[2022-06-06 21:39:48.112 +07:00  INF]  Request starting HTTP/2 GET https://localhost:7066/api/campuses/loginjson - -
[2022-06-06 21:39:48.113 +07:00  INF]  Executing endpoint 'SECapstoneEvaluation.APIs.Controllers.CampusesController.LoginJson (API)'
[2022-06-06 21:39:48.116 +07:00  INF]  Route matched with {action = "LoginJson", controller = "Campuses"}. Executing controller action with signature System.Threading.Tasks.Task`1[Microsoft.AspNetCore.Mvc.IActionResult] LoginJson() on controller SECapstoneEvaluation.APIs.Controllers.CampusesController (API).
[2022-06-06 21:39:48.125 +07:00  INF]  Executed DbCommand (4ms) [Parameters=[], CommandType='"Text"', CommandTimeout='30']
SELECT c.id AS "Id", c.code AS "Code", c.name AS "Name"
FROM campuses AS c
[2022-06-06 21:39:48.128 +07:00  INF]  Executing JsonResult, writing value of type 'System.Collections.Generic.List`1[[SECapstoneEvaluation.APIs.DTOs.LoginCampusViewModel, API, Version=1.0.0.0, Culture=neutral, PublicKeyToken=null]]'.
[2022-06-06 21:39:48.129 +07:00  INF]  Executed action SECapstoneEvaluation.APIs.Controllers.CampusesController.LoginJson (API) in 12.6768ms
[2022-06-06 21:39:48.129 +07:00  INF]  Executed endpoint 'SECapstoneEvaluation.APIs.Controllers.CampusesController.LoginJson (API)'
[2022-06-06 21:39:48.130 +07:00  INF]  Request finished HTTP/2 GET https://localhost:7066/api/campuses/loginjson - - - 200 - application/json;+charset=utf-8 17.7268ms
[2022-06-06 21:47:29.405 +07:00  INF]  User profile is available. Using 'C:\Users\quach\AppData\Local\ASP.NET\DataProtection-Keys' as key repository and Windows DPAPI to encrypt keys at rest.
[2022-06-06 21:47:29.694 +07:00  INF]  Now listening on: https://localhost:7066
[2022-06-06 21:47:29.694 +07:00  INF]  Now listening on: http://localhost:5066
[2022-06-06 21:47:29.698 +07:00  INF]  Application started. Press Ctrl+C to shut down.
[2022-06-06 21:47:29.699 +07:00  INF]  Hosting environment: Development
[2022-06-06 21:47:29.699 +07:00  INF]  Content root path: D:\DotNet_Study\projects\SECapstoneEvaluation\API\
[2022-06-06 21:47:30.558 +07:00  INF]  Request starting HTTP/2 GET https://localhost:7066/swagger/index.html - -
[2022-06-06 21:47:30.819 +07:00  INF]  Request finished HTTP/2 GET https://localhost:7066/swagger/index.html - - - 200 - text/html;charset=utf-8 267.8710ms
[2022-06-06 21:47:30.839 +07:00  INF]  Request starting HTTP/2 GET https://localhost:7066/_framework/aspnetcore-browser-refresh.js - -
[2022-06-06 21:47:30.844 +07:00  INF]  Request finished HTTP/2 GET https://localhost:7066/_framework/aspnetcore-browser-refresh.js - - - 200 11964 application/javascript;+charset=utf-8 5.0191ms
[2022-06-06 21:47:31.212 +07:00  INF]  Request starting HTTP/2 GET https://localhost:7066/swagger/v1/swagger.json - -
[2022-06-06 21:47:31.287 +07:00  INF]  Request finished HTTP/2 GET https://localhost:7066/swagger/v1/swagger.json - - - 200 - application/json;charset=utf-8 74.5826ms
[2022-06-06 21:48:11.919 +07:00  INF]  Request starting HTTP/2 POST https://localhost:7066/api/users/login?campusId=2 application/json 1210
[2022-06-06 21:48:11.929 +07:00  INF]  CORS policy execution failed.
[2022-06-06 21:48:11.929 +07:00  INF]  Request origin https://localhost:7066 does not have permission to access the resource.
[2022-06-06 21:48:11.988 +07:00  INF]  Executing endpoint 'SECapstoneEvaluation.APIs.Controllers.UsersController.Login (API)'
[2022-06-06 21:48:12.012 +07:00  INF]  Route matched with {action = "Login", controller = "Users"}. Executing controller action with signature System.Threading.Tasks.Task`1[Microsoft.AspNetCore.Mvc.IActionResult] Login(System.String, Int32) on controller SECapstoneEvaluation.APIs.Controllers.UsersController (API).
[2022-06-06 21:48:12.934 +07:00  INF]  Entity Framework Core 6.0.5 initialized 'AppDbContext' using provider 'Npgsql.EntityFrameworkCore.PostgreSQL:6.0.4+6cb649128e3e7aa8eddd77dfa75b34bad51e6e94' with options: MaxPoolSize=1024 
[2022-06-06 21:48:13.936 +07:00  INF]  Executed DbCommand (60ms) [Parameters=[@__email_1='?', @__email_0='?'], CommandType='"Text"', CommandTimeout='30']
SELECT u.id AS "Id", @__email_1 AS "Email", u.campus_id AS "CampusId", u.code AS "Code", u.name AS "Name", u.birthday AS "Birthday", u.phone AS "Phone", u.gender AS "Gender", r.role_id AS "RoleId", r0.name AS "RoleName"
FROM users AS u
INNER JOIN role_users AS r ON u.id = r.user_id
INNER JOIN roles AS r0 ON r.role_id = r0.id
WHERE u.email = @__email_0
LIMIT 1
[2022-06-06 21:48:14.050 +07:00  INF]  Executing JsonResult, writing value of type 'API.DTOs.Response.BaseResponse'.
[2022-06-06 21:48:14.061 +07:00  INF]  Executed action SECapstoneEvaluation.APIs.Controllers.UsersController.Login (API) in 2043.9549ms
[2022-06-06 21:48:14.062 +07:00  INF]  Executed endpoint 'SECapstoneEvaluation.APIs.Controllers.UsersController.Login (API)'
[2022-06-06 21:48:14.069 +07:00  INF]  Request finished HTTP/2 POST https://localhost:7066/api/users/login?campusId=2 application/json 1210 - 200 - application/json;+charset=utf-8 2149.9536ms
